<!DOCTYPE beans PUBLIC "-//SPRING//DTD BEAN 2.0//EN" 
                       "http://www.springframework.org/dtd/spring-beans-2.0.dtd">

<beans>
    <bean id="testBean1" class="org.jboss.seam.example.spring.TestBean">
        <property name="name" value="Loaded from test-beans.xml (1)" />
    </bean>

    <bean id="testBean2" class="org.jboss.seam.example.spring.TestBean">
        <property name="name" value="Loaded from test-beans.xml (2)" />
    </bean>
</beans>
